# ModEM impedance responses for   Created using EMTOOLS                                                                              
#   Period(s) Code GG_Lat GG_Lon X(m) Y(m) Z(m) Component Real Imag Error                              
>  Off_Diagonal_Impedance
>  exp(+i\omega t)
>  [V/m]/[A/m]
>     0.00
>     0.000    0.000
>      1   272
 4.000000E+00             Line_f1_1_1             0.000    0.000      -1000.000      -2000.000        400.010     ZXY   1.011938E-03   1.171103E-03   1.000000E+13
 4.000000E+00             Line_f1_1_1             0.000    0.000      -1000.000      -2000.000        400.010     ZYX  -1.011938E-03  -1.171103E-03   1.000000E+13
 4.000000E+00             Line_f1_1_2             0.000    0.000       -800.000      -2000.000        400.010     ZXY   1.011938E-03   1.171103E-03   1.000000E+13
 4.000000E+00             Line_f1_1_2             0.000    0.000       -800.000      -2000.000        400.010     ZYX  -1.011938E-03  -1.171103E-03   1.000000E+13
 4.000000E+00             Line_f1_1_3             0.000    0.000       -600.000      -2000.000        400.010     ZXY   1.011938E-03   1.171103E-03   1.000000E+13
 4.000000E+00             Line_f1_1_3             0.000    0.000       -600.000      -2000.000        400.010     ZYX  -1.011938E-03  -1.171103E-03   1.000000E+13
 4.000000E+00             Line_f1_1_4             0.000    0.000       -400.000      -2000.000        400.010     ZXY   1.011938E-03   1.171103E-03   1.000000E+13
 4.000000E+00             Line_f1_1_4             0.000    0.000       -400.000      -2000.000        400.010     ZYX  -1.011932E-03  -1.171107E-03   1.000000E+13
 4.000000E+00             Line_f1_1_5             0.000    0.000       -200.000      -2000.000        400.010     ZXY   1.011938E-03   1.171103E-03   1.000000E+13
 4.000000E+00             Line_f1_1_5             0.000    0.000       -200.000      -2000.000        400.010     ZYX  -1.011932E-03  -1.171107E-03   1.000000E+13
 4.000000E+00             Line_f1_1_6             0.000    0.000          0.000      -2000.000        400.010     ZXY   1.011938E-03   1.171103E-03   1.000000E+13
 4.000000E+00             Line_f1_1_6             0.000    0.000          0.000      -2000.000        400.010     ZYX  -1.011932E-03  -1.171107E-03   1.000000E+13
 4.000000E+00             Line_f1_1_7             0.000    0.000        200.000      -2000.000        400.010     ZXY   1.011938E-03   1.171103E-03   1.000000E+13
 4.000000E+00             Line_f1_1_7             0.000    0.000        200.000      -2000.000        400.010     ZYX  -1.011933E-03  -1.171106E-03   1.000000E+13
 4.000000E+00             Line_f1_1_8             0.000    0.000        400.000      -2000.000        400.010     ZXY   1.011938E-03   1.171103E-03   1.000000E+13
 4.000000E+00             Line_f1_1_8             0.000    0.000        400.000      -2000.000        400.010     ZYX  -1.011936E-03  -1.171105E-03   1.000000E+13
 4.000000E+00             Line_f1_1_9             0.000    0.000        600.000      -2000.000        400.010     ZXY   1.011938E-03   1.171103E-03   1.000000E+13
 4.000000E+00             Line_f1_1_9             0.000    0.000        600.000      -2000.000        400.010     ZYX  -1.011938E-03  -1.171103E-03   1.000000E+13
 4.000000E+00             Line_f1_1_10            0.000    0.000        800.000      -2000.000        400.010     ZXY   1.011938E-03   1.171103E-03   1.000000E+13
 4.000000E+00             Line_f1_1_10            0.000    0.000        800.000      -2000.000        400.010     ZYX  -1.011938E-03  -1.171103E-03   1.000000E+13
 4.000000E+00             Line_f1_1_11            0.000    0.000       1000.000      -2000.000        400.010     ZXY   1.011938E-03   1.171103E-03   1.000000E+13
 4.000000E+00             Line_f1_1_11            0.000    0.000       1000.000      -2000.000        400.010     ZYX  -1.011938E-03  -1.171103E-03   1.000000E+13
 4.000000E+00             Line_f1_1_12            0.000    0.000       1200.000      -2000.000        400.010     ZXY   1.011938E-03   1.171103E-03   1.000000E+13
 4.000000E+00             Line_f1_1_12            0.000    0.000       1200.000      -2000.000        400.010     ZYX  -1.011938E-03  -1.171103E-03   1.000000E+13
 4.000000E+00             Line_f1_1_13            0.000    0.000       1400.000      -2000.000        400.010     ZXY   1.011938E-03   1.171103E-03   1.000000E+13
 4.000000E+00             Line_f1_1_13            0.000    0.000       1400.000      -2000.000        400.010     ZYX  -1.011938E-03  -1.171103E-03   1.000000E+13
 4.000000E+00             Line_f1_1_14            0.000    0.000       1600.000      -2000.000        400.010     ZXY   1.011938E-03   1.171103E-03   1.000000E+13
 4.000000E+00             Line_f1_1_14            0.000    0.000       1600.000      -2000.000        400.010     ZYX  -1.011938E-03  -1.171103E-03   1.000000E+13
 4.000000E+00             Line_f1_1_15            0.000    0.000       1800.000      -2000.000        400.010     ZXY   1.011938E-03   1.171103E-03   1.000000E+13
 4.000000E+00             Line_f1_1_15            0.000    0.000       1800.000      -2000.000        400.010     ZYX  -1.011938E-03  -1.171103E-03   1.000000E+13
 4.000000E+00             Line_f1_1_16            0.000    0.000       2000.000      -2000.000        400.010     ZXY   1.011938E-03   1.171103E-03   1.000000E+13
 4.000000E+00             Line_f1_1_16            0.000    0.000       2000.000      -2000.000        400.010     ZYX  -1.011938E-03  -1.171103E-03   1.000000E+13
 4.000000E+00             Line_f1_2_1             0.000    0.000      -1000.000      -1750.000        400.010     ZXY   1.011938E-03   1.171103E-03   1.000000E+13
 4.000000E+00             Line_f1_2_1             0.000    0.000      -1000.000      -1750.000        400.010     ZYX  -1.011938E-03  -1.171103E-03   1.000000E+13
 4.000000E+00             Line_f1_2_2             0.000    0.000       -800.000      -1750.000        400.010     ZXY   1.011938E-03   1.171103E-03   1.000000E+13
 4.000000E+00             Line_f1_2_2             0.000    0.000       -800.000      -1750.000        400.010     ZYX  -1.011938E-03  -1.171103E-03   1.000000E+13
 4.000000E+00             Line_f1_2_3             0.000    0.000       -600.000      -1750.000        400.010     ZXY   1.011938E-03   1.171103E-03   1.000000E+13
 4.000000E+00             Line_f1_2_3             0.000    0.000       -600.000      -1750.000        400.010     ZYX  -1.011938E-03  -1.171103E-03   1.000000E+13
 4.000000E+00             Line_f1_2_4             0.000    0.000       -400.000      -1750.000        400.010     ZXY   1.011938E-03   1.171103E-03   1.000000E+13
 4.000000E+00             Line_f1_2_4             0.000    0.000       -400.000      -1750.000        400.010     ZYX  -1.011932E-03  -1.171107E-03   1.000000E+13
 4.000000E+00             Line_f1_2_5             0.000    0.000       -200.000      -1750.000        400.010     ZXY   1.011938E-03   1.171103E-03   1.000000E+13
 4.000000E+00             Line_f1_2_5             0.000    0.000       -200.000      -1750.000        400.010     ZYX  -1.011932E-03  -1.171107E-03   1.000000E+13
 4.000000E+00             Line_f1_2_6             0.000    0.000          0.000      -1750.000        400.010     ZXY   1.011938E-03   1.171103E-03   1.000000E+13
 4.000000E+00             Line_f1_2_6             0.000    0.000          0.000      -1750.000        400.010     ZYX  -1.011932E-03  -1.171107E-03   1.000000E+13
 4.000000E+00             Line_f1_2_7             0.000    0.000        200.000      -1750.000        400.010     ZXY   1.011938E-03   1.171103E-03   1.000000E+13
 4.000000E+00             Line_f1_2_7             0.000    0.000        200.000      -1750.000        400.010     ZYX  -1.011933E-03  -1.171106E-03   1.000000E+13
 4.000000E+00             Line_f1_2_8             0.000    0.000        400.000      -1750.000        400.010     ZXY   1.011938E-03   1.171103E-03   1.000000E+13
 4.000000E+00             Line_f1_2_8             0.000    0.000        400.000      -1750.000        400.010     ZYX  -1.011936E-03  -1.171105E-03   1.000000E+13
 4.000000E+00             Line_f1_2_9             0.000    0.000        600.000      -1750.000        400.010     ZXY   1.011938E-03   1.171103E-03   1.000000E+13
 4.000000E+00             Line_f1_2_9             0.000    0.000        600.000      -1750.000        400.010     ZYX  -1.011938E-03  -1.171103E-03   1.000000E+13
 4.000000E+00             Line_f1_2_10            0.000    0.000        800.000      -1750.000        400.010     ZXY   1.011938E-03   1.171103E-03   1.000000E+13
 4.000000E+00             Line_f1_2_10            0.000    0.000        800.000      -1750.000        400.010     ZYX  -1.011938E-03  -1.171103E-03   1.000000E+13
 4.000000E+00             Line_f1_2_11            0.000    0.000       1000.000      -1750.000        400.010     ZXY   1.011938E-03   1.171103E-03   1.000000E+13
 4.000000E+00             Line_f1_2_11            0.000    0.000       1000.000      -1750.000        400.010     ZYX  -1.011938E-03  -1.171103E-03   1.000000E+13
 4.000000E+00             Line_f1_2_12            0.000    0.000       1200.000      -1750.000        400.010     ZXY   1.011938E-03   1.171103E-03   1.000000E+13
 4.000000E+00             Line_f1_2_12            0.000    0.000       1200.000      -1750.000        400.010     ZYX  -1.011938E-03  -1.171103E-03   1.000000E+13
 4.000000E+00             Line_f1_2_13            0.000    0.000       1400.000      -1750.000        400.010     ZXY   1.011938E-03   1.171103E-03   1.000000E+13
 4.000000E+00             Line_f1_2_13            0.000    0.000       1400.000      -1750.000        400.010     ZYX  -1.011938E-03  -1.171103E-03   1.000000E+13
 4.000000E+00             Line_f1_2_14            0.000    0.000       1600.000      -1750.000        400.010     ZXY   1.011938E-03   1.171103E-03   1.000000E+13
 4.000000E+00             Line_f1_2_14            0.000    0.000       1600.000      -1750.000        400.010     ZYX  -1.011938E-03  -1.171103E-03   1.000000E+13
 4.000000E+00             Line_f1_2_15            0.000    0.000       1800.000      -1750.000        400.010     ZXY   1.011938E-03   1.171103E-03   1.000000E+13
 4.000000E+00             Line_f1_2_15            0.000    0.000       1800.000      -1750.000        400.010     ZYX  -1.011938E-03  -1.171103E-03   1.000000E+13
 4.000000E+00             Line_f1_2_16            0.000    0.000       2000.000      -1750.000        400.010     ZXY   1.011938E-03   1.171103E-03   1.000000E+13
 4.000000E+00             Line_f1_2_16            0.000    0.000       2000.000      -1750.000        400.010     ZYX  -1.011938E-03  -1.171103E-03   1.000000E+13
 4.000000E+00             Line_f1_3_1             0.000    0.000      -1000.000      -1500.000        400.010     ZXY   1.011938E-03   1.171103E-03   1.000000E+13
 4.000000E+00             Line_f1_3_1             0.000    0.000      -1000.000      -1500.000        400.010     ZYX  -1.011938E-03  -1.171103E-03   1.000000E+13
 4.000000E+00             Line_f1_3_2             0.000    0.000       -800.000      -1500.000        400.010     ZXY   1.011938E-03   1.171103E-03   1.000000E+13
 4.000000E+00             Line_f1_3_2             0.000    0.000       -800.000      -1500.000        400.010     ZYX  -1.011938E-03  -1.171103E-03   1.000000E+13
 4.000000E+00             Line_f1_3_3             0.000    0.000       -600.000      -1500.000        400.010     ZXY   1.011938E-03   1.171103E-03   1.000000E+13
 4.000000E+00             Line_f1_3_3             0.000    0.000       -600.000      -1500.000        400.010     ZYX  -1.011938E-03  -1.171103E-03   1.000000E+13
 4.000000E+00             Line_f1_3_4             0.000    0.000       -400.000      -1500.000        400.010     ZXY   1.011938E-03   1.171103E-03   1.000000E+13
 4.000000E+00             Line_f1_3_4             0.000    0.000       -400.000      -1500.000        400.010     ZYX  -1.011932E-03  -1.171107E-03   1.000000E+13
 4.000000E+00             Line_f1_3_5             0.000    0.000       -200.000      -1500.000        400.010     ZXY   1.011938E-03   1.171103E-03   1.000000E+13
 4.000000E+00             Line_f1_3_5             0.000    0.000       -200.000      -1500.000        400.010     ZYX  -1.011932E-03  -1.171107E-03   1.000000E+13
 4.000000E+00             Line_f1_3_6             0.000    0.000          0.000      -1500.000        400.010     ZXY   1.011938E-03   1.171103E-03   1.000000E+13
 4.000000E+00             Line_f1_3_6             0.000    0.000          0.000      -1500.000        400.010     ZYX  -1.011932E-03  -1.171107E-03   1.000000E+13
 4.000000E+00             Line_f1_3_7             0.000    0.000        200.000      -1500.000        400.010     ZXY   1.011938E-03   1.171103E-03   1.000000E+13
 4.000000E+00             Line_f1_3_7             0.000    0.000        200.000      -1500.000        400.010     ZYX  -1.011933E-03  -1.171106E-03   1.000000E+13
 4.000000E+00             Line_f1_3_8             0.000    0.000        400.000      -1500.000        400.010     ZXY   1.011938E-03   1.171103E-03   1.000000E+13
 4.000000E+00             Line_f1_3_8             0.000    0.000        400.000      -1500.000        400.010     ZYX  -1.011936E-03  -1.171105E-03   1.000000E+13
 4.000000E+00             Line_f1_3_9             0.000    0.000        600.000      -1500.000        400.010     ZXY   1.011938E-03   1.171103E-03   1.000000E+13
 4.000000E+00             Line_f1_3_9             0.000    0.000        600.000      -1500.000        400.010     ZYX  -1.011938E-03  -1.171103E-03   1.000000E+13
 4.000000E+00             Line_f1_3_10            0.000    0.000        800.000      -1500.000        400.010     ZXY   1.011938E-03   1.171103E-03   1.000000E+13
 4.000000E+00             Line_f1_3_10            0.000    0.000        800.000      -1500.000        400.010     ZYX  -1.011938E-03  -1.171103E-03   1.000000E+13
 4.000000E+00             Line_f1_3_11            0.000    0.000       1000.000      -1500.000        400.010     ZXY   1.011938E-03   1.171103E-03   1.000000E+13
 4.000000E+00             Line_f1_3_11            0.000    0.000       1000.000      -1500.000        400.010     ZYX  -1.011938E-03  -1.171103E-03   1.000000E+13
 4.000000E+00             Line_f1_3_12            0.000    0.000       1200.000      -1500.000        400.010     ZXY   1.011938E-03   1.171103E-03   1.000000E+13
 4.000000E+00             Line_f1_3_12            0.000    0.000       1200.000      -1500.000        400.010     ZYX  -1.011938E-03  -1.171103E-03   1.000000E+13
 4.000000E+00             Line_f1_3_13            0.000    0.000       1400.000      -1500.000        400.010     ZXY   1.011938E-03   1.171103E-03   1.000000E+13
 4.000000E+00             Line_f1_3_13            0.000    0.000       1400.000      -1500.000        400.010     ZYX  -1.011938E-03  -1.171103E-03   1.000000E+13
 4.000000E+00             Line_f1_3_14            0.000    0.000       1600.000      -1500.000        400.010     ZXY   1.011938E-03   1.171103E-03   1.000000E+13
 4.000000E+00             Line_f1_3_14            0.000    0.000       1600.000      -1500.000        400.010     ZYX  -1.011938E-03  -1.171103E-03   1.000000E+13
 4.000000E+00             Line_f1_3_15            0.000    0.000       1800.000      -1500.000        400.010     ZXY   1.011938E-03   1.171103E-03   1.000000E+13
 4.000000E+00             Line_f1_3_15            0.000    0.000       1800.000      -1500.000        400.010     ZYX  -1.011938E-03  -1.171103E-03   1.000000E+13
 4.000000E+00             Line_f1_3_16            0.000    0.000       2000.000      -1500.000        400.010     ZXY   1.011938E-03   1.171103E-03   1.000000E+13
 4.000000E+00             Line_f1_3_16            0.000    0.000       2000.000      -1500.000        400.010     ZYX  -1.011938E-03  -1.171103E-03   1.000000E+13
 4.000000E+00             Line_f1_4_1             0.000    0.000      -1000.000      -1250.000        400.010     ZXY   1.011938E-03   1.171103E-03   1.000000E+13
 4.000000E+00             Line_f1_4_1             0.000    0.000      -1000.000      -1250.000        400.010     ZYX  -1.011938E-03  -1.171103E-03   1.000000E+13
 4.000000E+00             Line_f1_4_2             0.000    0.000       -800.000      -1250.000        400.010     ZXY   1.011938E-03   1.171103E-03   1.000000E+13
 4.000000E+00             Line_f1_4_2             0.000    0.000       -800.000      -1250.000        400.010     ZYX  -1.011938E-03  -1.171103E-03   1.000000E+13
 4.000000E+00             Line_f1_4_3             0.000    0.000       -600.000      -1250.000        400.010     ZXY   1.011938E-03   1.171103E-03   1.000000E+13
 4.000000E+00             Line_f1_4_3             0.000    0.000       -600.000      -1250.000        400.010     ZYX  -1.011938E-03  -1.171103E-03   1.000000E+13
 4.000000E+00             Line_f1_4_4             0.000    0.000       -400.000      -1250.000        400.010     ZXY   1.011938E-03   1.171103E-03   1.000000E+13
 4.000000E+00             Line_f1_4_4             0.000    0.000       -400.000      -1250.000        400.010     ZYX  -1.011932E-03  -1.171107E-03   1.000000E+13
 4.000000E+00             Line_f1_4_5             0.000    0.000       -200.000      -1250.000        400.010     ZXY   1.011938E-03   1.171103E-03   1.000000E+13
 4.000000E+00             Line_f1_4_5             0.000    0.000       -200.000      -1250.000        400.010     ZYX  -1.011932E-03  -1.171107E-03   1.000000E+13
 4.000000E+00             Line_f1_4_6             0.000    0.000          0.000      -1250.000        400.010     ZXY   1.011938E-03   1.171103E-03   1.000000E+13
 4.000000E+00             Line_f1_4_6             0.000    0.000          0.000      -1250.000        400.010     ZYX  -1.011932E-03  -1.171107E-03   1.000000E+13
 4.000000E+00             Line_f1_4_7             0.000    0.000        200.000      -1250.000        400.010     ZXY   1.011938E-03   1.171103E-03   1.000000E+13
 4.000000E+00             Line_f1_4_7             0.000    0.000        200.000      -1250.000        400.010     ZYX  -1.011933E-03  -1.171106E-03   1.000000E+13
 4.000000E+00             Line_f1_4_8             0.000    0.000        400.000      -1250.000        400.010     ZXY   1.011938E-03   1.171103E-03   1.000000E+13
 4.000000E+00             Line_f1_4_8             0.000    0.000        400.000      -1250.000        400.010     ZYX  -1.011936E-03  -1.171105E-03   1.000000E+13
 4.000000E+00             Line_f1_4_9             0.000    0.000        600.000      -1250.000        400.010     ZXY   1.011938E-03   1.171103E-03   1.000000E+13
 4.000000E+00             Line_f1_4_9             0.000    0.000        600.000      -1250.000        400.010     ZYX  -1.011938E-03  -1.171103E-03   1.000000E+13
 4.000000E+00             Line_f1_4_10            0.000    0.000        800.000      -1250.000        400.010     ZXY   1.011938E-03   1.171103E-03   1.000000E+13
 4.000000E+00             Line_f1_4_10            0.000    0.000        800.000      -1250.000        400.010     ZYX  -1.011938E-03  -1.171103E-03   1.000000E+13
 4.000000E+00             Line_f1_4_11            0.000    0.000       1000.000      -1250.000        400.010     ZXY   1.011938E-03   1.171103E-03   1.000000E+13
 4.000000E+00             Line_f1_4_11            0.000    0.000       1000.000      -1250.000        400.010     ZYX  -1.011938E-03  -1.171103E-03   1.000000E+13
 4.000000E+00             Line_f1_4_12            0.000    0.000       1200.000      -1250.000        400.010     ZXY   1.011938E-03   1.171103E-03   1.000000E+13
 4.000000E+00             Line_f1_4_12            0.000    0.000       1200.000      -1250.000        400.010     ZYX  -1.011938E-03  -1.171103E-03   1.000000E+13
 4.000000E+00             Line_f1_4_13            0.000    0.000       1400.000      -1250.000        400.010     ZXY   1.011938E-03   1.171103E-03   1.000000E+13
 4.000000E+00             Line_f1_4_13            0.000    0.000       1400.000      -1250.000        400.010     ZYX  -1.011938E-03  -1.171103E-03   1.000000E+13
 4.000000E+00             Line_f1_4_14            0.000    0.000       1600.000      -1250.000        400.010     ZXY   1.011938E-03   1.171103E-03   1.000000E+13
 4.000000E+00             Line_f1_4_14            0.000    0.000       1600.000      -1250.000        400.010     ZYX  -1.011938E-03  -1.171103E-03   1.000000E+13
 4.000000E+00             Line_f1_4_15            0.000    0.000       1800.000      -1250.000        400.010     ZXY   1.011938E-03   1.171103E-03   1.000000E+13
 4.000000E+00             Line_f1_4_15            0.000    0.000       1800.000      -1250.000        400.010     ZYX  -1.011938E-03  -1.171103E-03   1.000000E+13
 4.000000E+00             Line_f1_4_16            0.000    0.000       2000.000      -1250.000        400.010     ZXY   1.011938E-03   1.171103E-03   1.000000E+13
 4.000000E+00             Line_f1_4_16            0.000    0.000       2000.000      -1250.000        400.010     ZYX  -1.011938E-03  -1.171103E-03   1.000000E+13
 4.000000E+00             Line_f1_5_1             0.000    0.000      -1000.000      -1000.000        400.010     ZXY   1.011938E-03   1.171103E-03   1.000000E+13
 4.000000E+00             Line_f1_5_1             0.000    0.000      -1000.000      -1000.000        400.010     ZYX  -1.011938E-03  -1.171103E-03   1.000000E+13
 4.000000E+00             Line_f1_5_2             0.000    0.000       -800.000      -1000.000        400.010     ZXY   1.011938E-03   1.171103E-03   1.000000E+13
 4.000000E+00             Line_f1_5_2             0.000    0.000       -800.000      -1000.000        400.010     ZYX  -1.011938E-03  -1.171103E-03   1.000000E+13
 4.000000E+00             Line_f1_5_3             0.000    0.000       -600.000      -1000.000        400.010     ZXY   1.011938E-03   1.171103E-03   1.000000E+13
 4.000000E+00             Line_f1_5_3             0.000    0.000       -600.000      -1000.000        400.010     ZYX  -1.011938E-03  -1.171103E-03   1.000000E+13
 4.000000E+00             Line_f1_5_4             0.000    0.000       -400.000      -1000.000        400.010     ZXY   1.011938E-03   1.171103E-03   1.000000E+13
 4.000000E+00             Line_f1_5_4             0.000    0.000       -400.000      -1000.000        400.010     ZYX  -1.011932E-03  -1.171107E-03   1.000000E+13
 4.000000E+00             Line_f1_5_5             0.000    0.000       -200.000      -1000.000        400.010     ZXY   1.011938E-03   1.171103E-03   1.000000E+13
 4.000000E+00             Line_f1_5_5             0.000    0.000       -200.000      -1000.000        400.010     ZYX  -1.011932E-03  -1.171107E-03   1.000000E+13
 4.000000E+00             Line_f1_5_6             0.000    0.000          0.000      -1000.000        400.010     ZXY   1.011938E-03   1.171103E-03   1.000000E+13
 4.000000E+00             Line_f1_5_6             0.000    0.000          0.000      -1000.000        400.010     ZYX  -1.011932E-03  -1.171107E-03   1.000000E+13
 4.000000E+00             Line_f1_5_7             0.000    0.000        200.000      -1000.000        400.010     ZXY   1.011938E-03   1.171103E-03   1.000000E+13
 4.000000E+00             Line_f1_5_7             0.000    0.000        200.000      -1000.000        400.010     ZYX  -1.011933E-03  -1.171106E-03   1.000000E+13
 4.000000E+00             Line_f1_5_8             0.000    0.000        400.000      -1000.000        400.010     ZXY   1.011938E-03   1.171103E-03   1.000000E+13
 4.000000E+00             Line_f1_5_8             0.000    0.000        400.000      -1000.000        400.010     ZYX  -1.011936E-03  -1.171105E-03   1.000000E+13
 4.000000E+00             Line_f1_5_9             0.000    0.000        600.000      -1000.000        400.010     ZXY   1.011938E-03   1.171103E-03   1.000000E+13
 4.000000E+00             Line_f1_5_9             0.000    0.000        600.000      -1000.000        400.010     ZYX  -1.011938E-03  -1.171103E-03   1.000000E+13
 4.000000E+00             Line_f1_5_10            0.000    0.000        800.000      -1000.000        400.010     ZXY   1.011938E-03   1.171103E-03   1.000000E+13
 4.000000E+00             Line_f1_5_10            0.000    0.000        800.000      -1000.000        400.010     ZYX  -1.011938E-03  -1.171103E-03   1.000000E+13
 4.000000E+00             Line_f1_5_11            0.000    0.000       1000.000      -1000.000        400.010     ZXY   1.011938E-03   1.171103E-03   1.000000E+13
 4.000000E+00             Line_f1_5_11            0.000    0.000       1000.000      -1000.000        400.010     ZYX  -1.011938E-03  -1.171103E-03   1.000000E+13
 4.000000E+00             Line_f1_5_12            0.000    0.000       1200.000      -1000.000        400.010     ZXY   1.011938E-03   1.171103E-03   1.000000E+13
 4.000000E+00             Line_f1_5_12            0.000    0.000       1200.000      -1000.000        400.010     ZYX  -1.011938E-03  -1.171103E-03   1.000000E+13
 4.000000E+00             Line_f1_5_13            0.000    0.000       1400.000      -1000.000        400.010     ZXY   1.011938E-03   1.171103E-03   1.000000E+13
 4.000000E+00             Line_f1_5_13            0.000    0.000       1400.000      -1000.000        400.010     ZYX  -1.011938E-03  -1.171103E-03   1.000000E+13
 4.000000E+00             Line_f1_5_14            0.000    0.000       1600.000      -1000.000        400.010     ZXY   1.011938E-03   1.171103E-03   1.000000E+13
 4.000000E+00             Line_f1_5_14            0.000    0.000       1600.000      -1000.000        400.010     ZYX  -1.011938E-03  -1.171103E-03   1.000000E+13
 4.000000E+00             Line_f1_5_15            0.000    0.000       1800.000      -1000.000        400.010     ZXY   1.011938E-03   1.171103E-03   1.000000E+13
 4.000000E+00             Line_f1_5_15            0.000    0.000       1800.000      -1000.000        400.010     ZYX  -1.011938E-03  -1.171103E-03   1.000000E+13
 4.000000E+00             Line_f1_5_16            0.000    0.000       2000.000      -1000.000        400.010     ZXY   1.011938E-03   1.171103E-03   1.000000E+13
 4.000000E+00             Line_f1_5_16            0.000    0.000       2000.000      -1000.000        400.010     ZYX  -1.011938E-03  -1.171103E-03   1.000000E+13
 4.000000E+00             Line_f1_6_1             0.000    0.000      -1000.000       -750.000        400.010     ZXY   1.011938E-03   1.171103E-03   1.000000E+13
 4.000000E+00             Line_f1_6_1             0.000    0.000      -1000.000       -750.000        400.010     ZYX  -1.011938E-03  -1.171103E-03   1.000000E+13
 4.000000E+00             Line_f1_6_2             0.000    0.000       -800.000       -750.000        400.010     ZXY   1.011938E-03   1.171103E-03   1.000000E+13
 4.000000E+00             Line_f1_6_2             0.000    0.000       -800.000       -750.000        400.010     ZYX  -1.011938E-03  -1.171103E-03   1.000000E+13
 4.000000E+00             Line_f1_6_3             0.000    0.000       -600.000       -750.000        400.010     ZXY   1.011938E-03   1.171103E-03   1.000000E+13
 4.000000E+00             Line_f1_6_3             0.000    0.000       -600.000       -750.000        400.010     ZYX  -1.011938E-03  -1.171103E-03   1.000000E+13
 4.000000E+00             Line_f1_6_4             0.000    0.000       -400.000       -750.000        400.010     ZXY   1.011938E-03   1.171103E-03   1.000000E+13
 4.000000E+00             Line_f1_6_4             0.000    0.000       -400.000       -750.000        400.010     ZYX  -1.011932E-03  -1.171107E-03   1.000000E+13
 4.000000E+00             Line_f1_6_5             0.000    0.000       -200.000       -750.000        400.010     ZXY   1.011938E-03   1.171103E-03   1.000000E+13
 4.000000E+00             Line_f1_6_5             0.000    0.000       -200.000       -750.000        400.010     ZYX  -1.011932E-03  -1.171107E-03   1.000000E+13
 4.000000E+00             Line_f1_6_6             0.000    0.000          0.000       -750.000        400.010     ZXY   1.011938E-03   1.171103E-03   1.000000E+13
 4.000000E+00             Line_f1_6_6             0.000    0.000          0.000       -750.000        400.010     ZYX  -1.011932E-03  -1.171107E-03   1.000000E+13
 4.000000E+00             Line_f1_6_7             0.000    0.000        200.000       -750.000        400.010     ZXY   1.011938E-03   1.171103E-03   1.000000E+13
 4.000000E+00             Line_f1_6_7             0.000    0.000        200.000       -750.000        400.010     ZYX  -1.011933E-03  -1.171106E-03   1.000000E+13
 4.000000E+00             Line_f1_6_8             0.000    0.000        400.000       -750.000        400.010     ZXY   1.011938E-03   1.171103E-03   1.000000E+13
 4.000000E+00             Line_f1_6_8             0.000    0.000        400.000       -750.000        400.010     ZYX  -1.011936E-03  -1.171105E-03   1.000000E+13
 4.000000E+00             Line_f1_6_9             0.000    0.000        600.000       -750.000        400.010     ZXY   1.011938E-03   1.171103E-03   1.000000E+13
 4.000000E+00             Line_f1_6_9             0.000    0.000        600.000       -750.000        400.010     ZYX  -1.011938E-03  -1.171103E-03   1.000000E+13
 4.000000E+00             Line_f1_6_10            0.000    0.000        800.000       -750.000        400.010     ZXY   1.011938E-03   1.171103E-03   1.000000E+13
 4.000000E+00             Line_f1_6_10            0.000    0.000        800.000       -750.000        400.010     ZYX  -1.011938E-03  -1.171103E-03   1.000000E+13
 4.000000E+00             Line_f1_6_11            0.000    0.000       1000.000       -750.000        400.010     ZXY   1.011938E-03   1.171103E-03   1.000000E+13
 4.000000E+00             Line_f1_6_11            0.000    0.000       1000.000       -750.000        400.010     ZYX  -1.011938E-03  -1.171103E-03   1.000000E+13
 4.000000E+00             Line_f1_6_12            0.000    0.000       1200.000       -750.000        400.010     ZXY   1.011938E-03   1.171103E-03   1.000000E+13
 4.000000E+00             Line_f1_6_12            0.000    0.000       1200.000       -750.000        400.010     ZYX  -1.011938E-03  -1.171103E-03   1.000000E+13
 4.000000E+00             Line_f1_6_13            0.000    0.000       1400.000       -750.000        400.010     ZXY   1.011938E-03   1.171103E-03   1.000000E+13
 4.000000E+00             Line_f1_6_13            0.000    0.000       1400.000       -750.000        400.010     ZYX  -1.011938E-03  -1.171103E-03   1.000000E+13
 4.000000E+00             Line_f1_6_14            0.000    0.000       1600.000       -750.000        400.010     ZXY   1.011938E-03   1.171103E-03   1.000000E+13
 4.000000E+00             Line_f1_6_14            0.000    0.000       1600.000       -750.000        400.010     ZYX  -1.011938E-03  -1.171103E-03   1.000000E+13
 4.000000E+00             Line_f1_6_15            0.000    0.000       1800.000       -750.000        400.010     ZXY   1.011938E-03   1.171103E-03   1.000000E+13
 4.000000E+00             Line_f1_6_15            0.000    0.000       1800.000       -750.000        400.010     ZYX  -1.011938E-03  -1.171103E-03   1.000000E+13
 4.000000E+00             Line_f1_6_16            0.000    0.000       2000.000       -750.000        400.010     ZXY   1.011938E-03   1.171103E-03   1.000000E+13
 4.000000E+00             Line_f1_6_16            0.000    0.000       2000.000       -750.000        400.010     ZYX  -1.011938E-03  -1.171103E-03   1.000000E+13
 4.000000E+00             Line_f1_7_1             0.000    0.000      -1000.000       -500.000        400.010     ZXY   1.011933E-03   1.171107E-03   1.000000E+13
 4.000000E+00             Line_f1_7_1             0.000    0.000      -1000.000       -500.000        400.010     ZYX  -1.011938E-03  -1.171103E-03   1.000000E+13
 4.000000E+00             Line_f1_7_2             0.000    0.000       -800.000       -500.000        400.010     ZXY   1.011933E-03   1.171107E-03   1.000000E+13
 4.000000E+00             Line_f1_7_2             0.000    0.000       -800.000       -500.000        400.010     ZYX  -1.011938E-03  -1.171103E-03   1.000000E+13
 4.000000E+00             Line_f1_7_3             0.000    0.000       -600.000       -500.000        400.010     ZXY   1.011933E-03   1.171107E-03   1.000000E+13
 4.000000E+00             Line_f1_7_3             0.000    0.000       -600.000       -500.000        400.010     ZYX  -1.011938E-03  -1.171103E-03   1.000000E+13
 4.000000E+00             Line_f1_7_4             0.000    0.000       -400.000       -500.000        400.010     ZXY   1.011936E-03   1.171104E-03   1.000000E+13
 4.000000E+00             Line_f1_7_4             0.000    0.000       -400.000       -500.000        400.010     ZYX  -1.011936E-03  -1.171104E-03   1.000000E+13
 4.000000E+00             Line_f1_7_5             0.000    0.000       -200.000       -500.000        400.010     ZXY   1.011936E-03   1.171104E-03   1.000000E+13
 4.000000E+00             Line_f1_7_5             0.000    0.000       -200.000       -500.000        400.010     ZYX  -1.011936E-03  -1.171104E-03   1.000000E+13
 4.000000E+00             Line_f1_7_6             0.000    0.000          0.000       -500.000        400.010     ZXY   1.011936E-03   1.171104E-03   1.000000E+13
 4.000000E+00             Line_f1_7_6             0.000    0.000          0.000       -500.000        400.010     ZYX  -1.011936E-03  -1.171104E-03   1.000000E+13
 4.000000E+00             Line_f1_7_7             0.000    0.000        200.000       -500.000        400.010     ZXY   1.011936E-03   1.171104E-03   1.000000E+13
 4.000000E+00             Line_f1_7_7             0.000    0.000        200.000       -500.000        400.010     ZYX  -1.011936E-03  -1.171104E-03   1.000000E+13
 4.000000E+00             Line_f1_7_8             0.000    0.000        400.000       -500.000        400.010     ZXY   1.011936E-03   1.171104E-03   1.000000E+13
 4.000000E+00             Line_f1_7_8             0.000    0.000        400.000       -500.000        400.010     ZYX  -1.011937E-03  -1.171103E-03   1.000000E+13
 4.000000E+00             Line_f1_7_9             0.000    0.000        600.000       -500.000        400.010     ZXY   1.011936E-03   1.171105E-03   1.000000E+13
 4.000000E+00             Line_f1_7_9             0.000    0.000        600.000       -500.000        400.010     ZYX  -1.011938E-03  -1.171103E-03   1.000000E+13
 4.000000E+00             Line_f1_7_10            0.000    0.000        800.000       -500.000        400.010     ZXY   1.011936E-03   1.171105E-03   1.000000E+13
 4.000000E+00             Line_f1_7_10            0.000    0.000        800.000       -500.000        400.010     ZYX  -1.011938E-03  -1.171103E-03   1.000000E+13
 4.000000E+00             Line_f1_7_11            0.000    0.000       1000.000       -500.000        400.010     ZXY   1.011936E-03   1.171105E-03   1.000000E+13
 4.000000E+00             Line_f1_7_11            0.000    0.000       1000.000       -500.000        400.010     ZYX  -1.011938E-03  -1.171103E-03   1.000000E+13
 4.000000E+00             Line_f1_7_12            0.000    0.000       1200.000       -500.000        400.010     ZXY   1.011936E-03   1.171105E-03   1.000000E+13
 4.000000E+00             Line_f1_7_12            0.000    0.000       1200.000       -500.000        400.010     ZYX  -1.011938E-03  -1.171103E-03   1.000000E+13
 4.000000E+00             Line_f1_7_13            0.000    0.000       1400.000       -500.000        400.010     ZXY   1.011936E-03   1.171105E-03   1.000000E+13
 4.000000E+00             Line_f1_7_13            0.000    0.000       1400.000       -500.000        400.010     ZYX  -1.011938E-03  -1.171103E-03   1.000000E+13
 4.000000E+00             Line_f1_7_14            0.000    0.000       1600.000       -500.000        400.010     ZXY   1.011936E-03   1.171105E-03   1.000000E+13
 4.000000E+00             Line_f1_7_14            0.000    0.000       1600.000       -500.000        400.010     ZYX  -1.011938E-03  -1.171103E-03   1.000000E+13
 4.000000E+00             Line_f1_7_15            0.000    0.000       1800.000       -500.000        400.010     ZXY   1.011936E-03   1.171105E-03   1.000000E+13
 4.000000E+00             Line_f1_7_15            0.000    0.000       1800.000       -500.000        400.010     ZYX  -1.011938E-03  -1.171103E-03   1.000000E+13
 4.000000E+00             Line_f1_7_16            0.000    0.000       2000.000       -500.000        400.010     ZXY   1.011936E-03   1.171105E-03   1.000000E+13
 4.000000E+00             Line_f1_7_16            0.000    0.000       2000.000       -500.000        400.010     ZYX  -1.011938E-03  -1.171103E-03   1.000000E+13
 4.000000E+00             Line_f1_8_1             0.000    0.000      -1000.000       -250.000        400.010     ZXY   1.011932E-03   1.171107E-03   1.000000E+13
 4.000000E+00             Line_f1_8_1             0.000    0.000      -1000.000       -250.000        400.010     ZYX  -1.011938E-03  -1.171103E-03   1.000000E+13
 4.000000E+00             Line_f1_8_2             0.000    0.000       -800.000       -250.000        400.010     ZXY   1.011932E-03   1.171107E-03   1.000000E+13
 4.000000E+00             Line_f1_8_2             0.000    0.000       -800.000       -250.000        400.010     ZYX  -1.011938E-03  -1.171103E-03   1.000000E+13
 4.000000E+00             Line_f1_8_3             0.000    0.000       -600.000       -250.000        400.010     ZXY   1.011932E-03   1.171107E-03   1.000000E+13
 4.000000E+00             Line_f1_8_3             0.000    0.000       -600.000       -250.000        400.010     ZYX  -1.011938E-03  -1.171103E-03   1.000000E+13
 4.000000E+00             Line_f1_8_4             0.000    0.000       -400.000       -250.000        400.010     ZXY   1.011936E-03   1.171104E-03   1.000000E+13
 4.000000E+00             Line_f1_8_4             0.000    0.000       -400.000       -250.000        400.010     ZYX  -1.011936E-03  -1.171104E-03   1.000000E+13
 4.000000E+00             Line_f1_8_5             0.000    0.000       -200.000       -250.000        400.010     ZXY   1.011936E-03   1.171104E-03   1.000000E+13
 4.000000E+00             Line_f1_8_5             0.000    0.000       -200.000       -250.000        400.010     ZYX  -1.011936E-03  -1.171104E-03   1.000000E+13
 4.000000E+00             Line_f1_8_6             0.000    0.000          0.000       -250.000        400.010     ZXY   1.011936E-03   1.171104E-03   1.000000E+13
 4.000000E+00             Line_f1_8_6             0.000    0.000          0.000       -250.000        400.010     ZYX  -1.011936E-03  -1.171104E-03   1.000000E+13
 4.000000E+00             Line_f1_8_7             0.000    0.000        200.000       -250.000        400.010     ZXY   1.011936E-03   1.171104E-03   1.000000E+13
 4.000000E+00             Line_f1_8_7             0.000    0.000        200.000       -250.000        400.010     ZYX  -1.011936E-03  -1.171104E-03   1.000000E+13
 4.000000E+00             Line_f1_8_8             0.000    0.000        400.000       -250.000        400.010     ZXY   1.011936E-03   1.171104E-03   1.000000E+13
 4.000000E+00             Line_f1_8_8             0.000    0.000        400.000       -250.000        400.010     ZYX  -1.011937E-03  -1.171103E-03   1.000000E+13
 4.000000E+00             Line_f1_8_9             0.000    0.000        600.000       -250.000        400.010     ZXY   1.011935E-03   1.171105E-03   1.000000E+13
 4.000000E+00             Line_f1_8_9             0.000    0.000        600.000       -250.000        400.010     ZYX  -1.011938E-03  -1.171103E-03   1.000000E+13
 4.000000E+00             Line_f1_8_10            0.000    0.000        800.000       -250.000        400.010     ZXY   1.011935E-03   1.171105E-03   1.000000E+13
 4.000000E+00             Line_f1_8_10            0.000    0.000        800.000       -250.000        400.010     ZYX  -1.011938E-03  -1.171103E-03   1.000000E+13
 4.000000E+00             Line_f1_8_11            0.000    0.000       1000.000       -250.000        400.010     ZXY   1.011935E-03   1.171105E-03   1.000000E+13
 4.000000E+00             Line_f1_8_11            0.000    0.000       1000.000       -250.000        400.010     ZYX  -1.011938E-03  -1.171103E-03   1.000000E+13
 4.000000E+00             Line_f1_8_12            0.000    0.000       1200.000       -250.000        400.010     ZXY   1.011935E-03   1.171105E-03   1.000000E+13
 4.000000E+00             Line_f1_8_12            0.000    0.000       1200.000       -250.000        400.010     ZYX  -1.011938E-03  -1.171103E-03   1.000000E+13
 4.000000E+00             Line_f1_8_13            0.000    0.000       1400.000       -250.000        400.010     ZXY   1.011935E-03   1.171105E-03   1.000000E+13
 4.000000E+00             Line_f1_8_13            0.000    0.000       1400.000       -250.000        400.010     ZYX  -1.011938E-03  -1.171103E-03   1.000000E+13
 4.000000E+00             Line_f1_8_14            0.000    0.000       1600.000       -250.000        400.010     ZXY   1.011935E-03   1.171105E-03   1.000000E+13
 4.000000E+00             Line_f1_8_14            0.000    0.000       1600.000       -250.000        400.010     ZYX  -1.011938E-03  -1.171103E-03   1.000000E+13
 4.000000E+00             Line_f1_8_15            0.000    0.000       1800.000       -250.000        400.010     ZXY   1.011935E-03   1.171105E-03   1.000000E+13
 4.000000E+00             Line_f1_8_15            0.000    0.000       1800.000       -250.000        400.010     ZYX  -1.011938E-03  -1.171103E-03   1.000000E+13
 4.000000E+00             Line_f1_8_16            0.000    0.000       2000.000       -250.000        400.010     ZXY   1.011935E-03   1.171105E-03   1.000000E+13
 4.000000E+00             Line_f1_8_16            0.000    0.000       2000.000       -250.000        400.010     ZYX  -1.011938E-03  -1.171103E-03   1.000000E+13
 4.000000E+00             Line_f1_9_1             0.000    0.000      -1000.000          0.000        400.010     ZXY   1.011932E-03   1.171107E-03   1.000000E+13
 4.000000E+00             Line_f1_9_1             0.000    0.000      -1000.000          0.000        400.010     ZYX  -1.011938E-03  -1.171103E-03   1.000000E+13
 4.000000E+00             Line_f1_9_2             0.000    0.000       -800.000          0.000        400.010     ZXY   1.011932E-03   1.171107E-03   1.000000E+13
 4.000000E+00             Line_f1_9_2             0.000    0.000       -800.000          0.000        400.010     ZYX  -1.011938E-03  -1.171103E-03   1.000000E+13
 4.000000E+00             Line_f1_9_3             0.000    0.000       -600.000          0.000        400.010     ZXY   1.011932E-03   1.171107E-03   1.000000E+13
 4.000000E+00             Line_f1_9_3             0.000    0.000       -600.000          0.000        400.010     ZYX  -1.011938E-03  -1.171103E-03   1.000000E+13
 4.000000E+00             Line_f1_9_4             0.000    0.000       -400.000          0.000        400.010     ZXY   1.011936E-03   1.171104E-03   1.000000E+13
 4.000000E+00             Line_f1_9_4             0.000    0.000       -400.000          0.000        400.010     ZYX  -1.011936E-03  -1.171104E-03   1.000000E+13
 4.000000E+00             Line_f1_9_5             0.000    0.000       -200.000          0.000        400.010     ZXY   1.011936E-03   1.171104E-03   1.000000E+13
 4.000000E+00             Line_f1_9_5             0.000    0.000       -200.000          0.000        400.010     ZYX  -1.011936E-03  -1.171104E-03   1.000000E+13
 4.000000E+00             Line_f1_9_6             0.000    0.000          0.000          0.000        400.010     ZXY   1.011936E-03   1.171104E-03   1.000000E+13
 4.000000E+00             Line_f1_9_6             0.000    0.000          0.000          0.000        400.010     ZYX  -1.011936E-03  -1.171104E-03   1.000000E+13
 4.000000E+00             Line_f1_9_7             0.000    0.000        200.000          0.000        400.010     ZXY   1.011936E-03   1.171104E-03   1.000000E+13
 4.000000E+00             Line_f1_9_7             0.000    0.000        200.000          0.000        400.010     ZYX  -1.011936E-03  -1.171104E-03   1.000000E+13
 4.000000E+00             Line_f1_9_8             0.000    0.000        400.000          0.000        400.010     ZXY   1.011936E-03   1.171104E-03   1.000000E+13
 4.000000E+00             Line_f1_9_8             0.000    0.000        400.000          0.000        400.010     ZYX  -1.011937E-03  -1.171103E-03   1.000000E+13
 4.000000E+00             Line_f1_9_9             0.000    0.000        600.000          0.000        400.010     ZXY   1.011936E-03   1.171105E-03   1.000000E+13
 4.000000E+00             Line_f1_9_9             0.000    0.000        600.000          0.000        400.010     ZYX  -1.011938E-03  -1.171103E-03   1.000000E+13
 4.000000E+00             Line_f1_9_10            0.000    0.000        800.000          0.000        400.010     ZXY   1.011936E-03   1.171105E-03   1.000000E+13
 4.000000E+00             Line_f1_9_10            0.000    0.000        800.000          0.000        400.010     ZYX  -1.011938E-03  -1.171103E-03   1.000000E+13
 4.000000E+00             Line_f1_9_11            0.000    0.000       1000.000          0.000        400.010     ZXY   1.011936E-03   1.171105E-03   1.000000E+13
 4.000000E+00             Line_f1_9_11            0.000    0.000       1000.000          0.000        400.010     ZYX  -1.011938E-03  -1.171103E-03   1.000000E+13
 4.000000E+00             Line_f1_9_12            0.000    0.000       1200.000          0.000        400.010     ZXY   1.011936E-03   1.171105E-03   1.000000E+13
 4.000000E+00             Line_f1_9_12            0.000    0.000       1200.000          0.000        400.010     ZYX  -1.011938E-03  -1.171103E-03   1.000000E+13
 4.000000E+00             Line_f1_9_13            0.000    0.000       1400.000          0.000        400.010     ZXY   1.011936E-03   1.171105E-03   1.000000E+13
 4.000000E+00             Line_f1_9_13            0.000    0.000       1400.000          0.000        400.010     ZYX  -1.011938E-03  -1.171103E-03   1.000000E+13
 4.000000E+00             Line_f1_9_14            0.000    0.000       1600.000          0.000        400.010     ZXY   1.011936E-03   1.171105E-03   1.000000E+13
 4.000000E+00             Line_f1_9_14            0.000    0.000       1600.000          0.000        400.010     ZYX  -1.011938E-03  -1.171103E-03   1.000000E+13
 4.000000E+00             Line_f1_9_15            0.000    0.000       1800.000          0.000        400.010     ZXY   1.011936E-03   1.171105E-03   1.000000E+13
 4.000000E+00             Line_f1_9_15            0.000    0.000       1800.000          0.000        400.010     ZYX  -1.011938E-03  -1.171103E-03   1.000000E+13
 4.000000E+00             Line_f1_9_16            0.000    0.000       2000.000          0.000        400.010     ZXY   1.011936E-03   1.171105E-03   1.000000E+13
 4.000000E+00             Line_f1_9_16            0.000    0.000       2000.000          0.000        400.010     ZYX  -1.011938E-03  -1.171103E-03   1.000000E+13
 4.000000E+00             Line_f1_10_1            0.000    0.000      -1000.000        250.000        400.010     ZXY   1.011933E-03   1.171106E-03   1.000000E+13
 4.000000E+00             Line_f1_10_1            0.000    0.000      -1000.000        250.000        400.010     ZYX  -1.011938E-03  -1.171103E-03   1.000000E+13
 4.000000E+00             Line_f1_10_2            0.000    0.000       -800.000        250.000        400.010     ZXY   1.011933E-03   1.171106E-03   1.000000E+13
 4.000000E+00             Line_f1_10_2            0.000    0.000       -800.000        250.000        400.010     ZYX  -1.011938E-03  -1.171103E-03   1.000000E+13
 4.000000E+00             Line_f1_10_3            0.000    0.000       -600.000        250.000        400.010     ZXY   1.011933E-03   1.171106E-03   1.000000E+13
 4.000000E+00             Line_f1_10_3            0.000    0.000       -600.000        250.000        400.010     ZYX  -1.011938E-03  -1.171103E-03   1.000000E+13
 4.000000E+00             Line_f1_10_4            0.000    0.000       -400.000        250.000        400.010     ZXY   1.011937E-03   1.171104E-03   1.000000E+13
 4.000000E+00             Line_f1_10_4            0.000    0.000       -400.000        250.000        400.010     ZYX  -1.011936E-03  -1.171104E-03   1.000000E+13
 4.000000E+00             Line_f1_10_5            0.000    0.000       -200.000        250.000        400.010     ZXY   1.011937E-03   1.171104E-03   1.000000E+13
 4.000000E+00             Line_f1_10_5            0.000    0.000       -200.000        250.000        400.010     ZYX  -1.011936E-03  -1.171104E-03   1.000000E+13
 4.000000E+00             Line_f1_10_6            0.000    0.000          0.000        250.000        400.010     ZXY   1.011937E-03   1.171104E-03   1.000000E+13
 4.000000E+00             Line_f1_10_6            0.000    0.000          0.000        250.000        400.010     ZYX  -1.011936E-03  -1.171104E-03   1.000000E+13
 4.000000E+00             Line_f1_10_7            0.000    0.000        200.000        250.000        400.010     ZXY   1.011936E-03   1.171104E-03   1.000000E+13
 4.000000E+00             Line_f1_10_7            0.000    0.000        200.000        250.000        400.010     ZYX  -1.011936E-03  -1.171104E-03   1.000000E+13
 4.000000E+00             Line_f1_10_8            0.000    0.000        400.000        250.000        400.010     ZXY   1.011936E-03   1.171104E-03   1.000000E+13
 4.000000E+00             Line_f1_10_8            0.000    0.000        400.000        250.000        400.010     ZYX  -1.011937E-03  -1.171103E-03   1.000000E+13
 4.000000E+00             Line_f1_10_9            0.000    0.000        600.000        250.000        400.010     ZXY   1.011936E-03   1.171104E-03   1.000000E+13
 4.000000E+00             Line_f1_10_9            0.000    0.000        600.000        250.000        400.010     ZYX  -1.011938E-03  -1.171103E-03   1.000000E+13
 4.000000E+00             Line_f1_10_10           0.000    0.000        800.000        250.000        400.010     ZXY   1.011936E-03   1.171104E-03   1.000000E+13
 4.000000E+00             Line_f1_10_10           0.000    0.000        800.000        250.000        400.010     ZYX  -1.011938E-03  -1.171103E-03   1.000000E+13
 4.000000E+00             Line_f1_10_11           0.000    0.000       1000.000        250.000        400.010     ZXY   1.011936E-03   1.171104E-03   1.000000E+13
 4.000000E+00             Line_f1_10_11           0.000    0.000       1000.000        250.000        400.010     ZYX  -1.011938E-03  -1.171103E-03   1.000000E+13
 4.000000E+00             Line_f1_10_12           0.000    0.000       1200.000        250.000        400.010     ZXY   1.011936E-03   1.171104E-03   1.000000E+13
 4.000000E+00             Line_f1_10_12           0.000    0.000       1200.000        250.000        400.010     ZYX  -1.011938E-03  -1.171103E-03   1.000000E+13
 4.000000E+00             Line_f1_10_13           0.000    0.000       1400.000        250.000        400.010     ZXY   1.011936E-03   1.171104E-03   1.000000E+13
 4.000000E+00             Line_f1_10_13           0.000    0.000       1400.000        250.000        400.010     ZYX  -1.011938E-03  -1.171103E-03   1.000000E+13
 4.000000E+00             Line_f1_10_14           0.000    0.000       1600.000        250.000        400.010     ZXY   1.011936E-03   1.171104E-03   1.000000E+13
 4.000000E+00             Line_f1_10_14           0.000    0.000       1600.000        250.000        400.010     ZYX  -1.011938E-03  -1.171103E-03   1.000000E+13
 4.000000E+00             Line_f1_10_15           0.000    0.000       1800.000        250.000        400.010     ZXY   1.011936E-03   1.171104E-03   1.000000E+13
 4.000000E+00             Line_f1_10_15           0.000    0.000       1800.000        250.000        400.010     ZYX  -1.011938E-03  -1.171103E-03   1.000000E+13
 4.000000E+00             Line_f1_10_16           0.000    0.000       2000.000        250.000        400.010     ZXY   1.011936E-03   1.171104E-03   1.000000E+13
 4.000000E+00             Line_f1_10_16           0.000    0.000       2000.000        250.000        400.010     ZYX  -1.011938E-03  -1.171103E-03   1.000000E+13
 4.000000E+00             Line_f1_11_1            0.000    0.000      -1000.000        500.000        400.010     ZXY   1.011937E-03   1.171103E-03   1.000000E+13
 4.000000E+00             Line_f1_11_1            0.000    0.000      -1000.000        500.000        400.010     ZYX  -1.011938E-03  -1.171103E-03   1.000000E+13
 4.000000E+00             Line_f1_11_2            0.000    0.000       -800.000        500.000        400.010     ZXY   1.011937E-03   1.171103E-03   1.000000E+13
 4.000000E+00             Line_f1_11_2            0.000    0.000       -800.000        500.000        400.010     ZYX  -1.011938E-03  -1.171103E-03   1.000000E+13
 4.000000E+00             Line_f1_11_3            0.000    0.000       -600.000        500.000        400.010     ZXY   1.011937E-03   1.171103E-03   1.000000E+13
 4.000000E+00             Line_f1_11_3            0.000    0.000       -600.000        500.000        400.010     ZYX  -1.011938E-03  -1.171103E-03   1.000000E+13
 4.000000E+00             Line_f1_11_4            0.000    0.000       -400.000        500.000        400.010     ZXY   1.011938E-03   1.171103E-03   1.000000E+13
 4.000000E+00             Line_f1_11_4            0.000    0.000       -400.000        500.000        400.010     ZYX  -1.011936E-03  -1.171105E-03   1.000000E+13
 4.000000E+00             Line_f1_11_5            0.000    0.000       -200.000        500.000        400.010     ZXY   1.011938E-03   1.171103E-03   1.000000E+13
 4.000000E+00             Line_f1_11_5            0.000    0.000       -200.000        500.000        400.010     ZYX  -1.011936E-03  -1.171105E-03   1.000000E+13
 4.000000E+00             Line_f1_11_6            0.000    0.000          0.000        500.000        400.010     ZXY   1.011938E-03   1.171103E-03   1.000000E+13
 4.000000E+00             Line_f1_11_6            0.000    0.000          0.000        500.000        400.010     ZYX  -1.011936E-03  -1.171104E-03   1.000000E+13
 4.000000E+00             Line_f1_11_7            0.000    0.000        200.000        500.000        400.010     ZXY   1.011938E-03   1.171103E-03   1.000000E+13
 4.000000E+00             Line_f1_11_7            0.000    0.000        200.000        500.000        400.010     ZYX  -1.011936E-03  -1.171104E-03   1.000000E+13
 4.000000E+00             Line_f1_11_8            0.000    0.000        400.000        500.000        400.010     ZXY   1.011938E-03   1.171103E-03   1.000000E+13
 4.000000E+00             Line_f1_11_8            0.000    0.000        400.000        500.000        400.010     ZYX  -1.011937E-03  -1.171104E-03   1.000000E+13
 4.000000E+00             Line_f1_11_9            0.000    0.000        600.000        500.000        400.010     ZXY   1.011938E-03   1.171103E-03   1.000000E+13
 4.000000E+00             Line_f1_11_9            0.000    0.000        600.000        500.000        400.010     ZYX  -1.011938E-03  -1.171103E-03   1.000000E+13
 4.000000E+00             Line_f1_11_10           0.000    0.000        800.000        500.000        400.010     ZXY   1.011938E-03   1.171103E-03   1.000000E+13
 4.000000E+00             Line_f1_11_10           0.000    0.000        800.000        500.000        400.010     ZYX  -1.011938E-03  -1.171103E-03   1.000000E+13
 4.000000E+00             Line_f1_11_11           0.000    0.000       1000.000        500.000        400.010     ZXY   1.011938E-03   1.171103E-03   1.000000E+13
 4.000000E+00             Line_f1_11_11           0.000    0.000       1000.000        500.000        400.010     ZYX  -1.011938E-03  -1.171103E-03   1.000000E+13
 4.000000E+00             Line_f1_11_12           0.000    0.000       1200.000        500.000        400.010     ZXY   1.011938E-03   1.171103E-03   1.000000E+13
 4.000000E+00             Line_f1_11_12           0.000    0.000       1200.000        500.000        400.010     ZYX  -1.011938E-03  -1.171103E-03   1.000000E+13
 4.000000E+00             Line_f1_11_13           0.000    0.000       1400.000        500.000        400.010     ZXY   1.011938E-03   1.171103E-03   1.000000E+13
 4.000000E+00             Line_f1_11_13           0.000    0.000       1400.000        500.000        400.010     ZYX  -1.011938E-03  -1.171103E-03   1.000000E+13
 4.000000E+00             Line_f1_11_14           0.000    0.000       1600.000        500.000        400.010     ZXY   1.011938E-03   1.171103E-03   1.000000E+13
 4.000000E+00             Line_f1_11_14           0.000    0.000       1600.000        500.000        400.010     ZYX  -1.011938E-03  -1.171103E-03   1.000000E+13
 4.000000E+00             Line_f1_11_15           0.000    0.000       1800.000        500.000        400.010     ZXY   1.011938E-03   1.171103E-03   1.000000E+13
 4.000000E+00             Line_f1_11_15           0.000    0.000       1800.000        500.000        400.010     ZYX  -1.011938E-03  -1.171103E-03   1.000000E+13
 4.000000E+00             Line_f1_11_16           0.000    0.000       2000.000        500.000        400.010     ZXY   1.011938E-03   1.171103E-03   1.000000E+13
 4.000000E+00             Line_f1_11_16           0.000    0.000       2000.000        500.000        400.010     ZYX  -1.011938E-03  -1.171103E-03   1.000000E+13
 4.000000E+00             Line_f1_12_1            0.000    0.000      -1000.000        750.000        400.010     ZXY   1.011938E-03   1.171103E-03   1.000000E+13
 4.000000E+00             Line_f1_12_1            0.000    0.000      -1000.000        750.000        400.010     ZYX  -1.011938E-03  -1.171103E-03   1.000000E+13
 4.000000E+00             Line_f1_12_2            0.000    0.000       -800.000        750.000        400.010     ZXY   1.011938E-03   1.171103E-03   1.000000E+13
 4.000000E+00             Line_f1_12_2            0.000    0.000       -800.000        750.000        400.010     ZYX  -1.011938E-03  -1.171103E-03   1.000000E+13
 4.000000E+00             Line_f1_12_3            0.000    0.000       -600.000        750.000        400.010     ZXY   1.011938E-03   1.171103E-03   1.000000E+13
 4.000000E+00             Line_f1_12_3            0.000    0.000       -600.000        750.000        400.010     ZYX  -1.011938E-03  -1.171103E-03   1.000000E+13
 4.000000E+00             Line_f1_12_4            0.000    0.000       -400.000        750.000        400.010     ZXY   1.011938E-03   1.171103E-03   1.000000E+13
 4.000000E+00             Line_f1_12_4            0.000    0.000       -400.000        750.000        400.010     ZYX  -1.011935E-03  -1.171105E-03   1.000000E+13
 4.000000E+00             Line_f1_12_5            0.000    0.000       -200.000        750.000        400.010     ZXY   1.011938E-03   1.171103E-03   1.000000E+13
 4.000000E+00             Line_f1_12_5            0.000    0.000       -200.000        750.000        400.010     ZYX  -1.011935E-03  -1.171105E-03   1.000000E+13
 4.000000E+00             Line_f1_12_6            0.000    0.000          0.000        750.000        400.010     ZXY   1.011938E-03   1.171103E-03   1.000000E+13
 4.000000E+00             Line_f1_12_6            0.000    0.000          0.000        750.000        400.010     ZYX  -1.011936E-03  -1.171105E-03   1.000000E+13
 4.000000E+00             Line_f1_12_7            0.000    0.000        200.000        750.000        400.010     ZXY   1.011938E-03   1.171103E-03   1.000000E+13
 4.000000E+00             Line_f1_12_7            0.000    0.000        200.000        750.000        400.010     ZYX  -1.011936E-03  -1.171104E-03   1.000000E+13
 4.000000E+00             Line_f1_12_8            0.000    0.000        400.000        750.000        400.010     ZXY   1.011938E-03   1.171103E-03   1.000000E+13
 4.000000E+00             Line_f1_12_8            0.000    0.000        400.000        750.000        400.010     ZYX  -1.011937E-03  -1.171104E-03   1.000000E+13
 4.000000E+00             Line_f1_12_9            0.000    0.000        600.000        750.000        400.010     ZXY   1.011938E-03   1.171103E-03   1.000000E+13
 4.000000E+00             Line_f1_12_9            0.000    0.000        600.000        750.000        400.010     ZYX  -1.011938E-03  -1.171103E-03   1.000000E+13
 4.000000E+00             Line_f1_12_10           0.000    0.000        800.000        750.000        400.010     ZXY   1.011938E-03   1.171103E-03   1.000000E+13
 4.000000E+00             Line_f1_12_10           0.000    0.000        800.000        750.000        400.010     ZYX  -1.011938E-03  -1.171103E-03   1.000000E+13
 4.000000E+00             Line_f1_12_11           0.000    0.000       1000.000        750.000        400.010     ZXY   1.011938E-03   1.171103E-03   1.000000E+13
 4.000000E+00             Line_f1_12_11           0.000    0.000       1000.000        750.000        400.010     ZYX  -1.011938E-03  -1.171103E-03   1.000000E+13
 4.000000E+00             Line_f1_12_12           0.000    0.000       1200.000        750.000        400.010     ZXY   1.011938E-03   1.171103E-03   1.000000E+13
 4.000000E+00             Line_f1_12_12           0.000    0.000       1200.000        750.000        400.010     ZYX  -1.011938E-03  -1.171103E-03   1.000000E+13
 4.000000E+00             Line_f1_12_13           0.000    0.000       1400.000        750.000        400.010     ZXY   1.011938E-03   1.171103E-03   1.000000E+13
 4.000000E+00             Line_f1_12_13           0.000    0.000       1400.000        750.000        400.010     ZYX  -1.011938E-03  -1.171103E-03   1.000000E+13
 4.000000E+00             Line_f1_12_14           0.000    0.000       1600.000        750.000        400.010     ZXY   1.011938E-03   1.171103E-03   1.000000E+13
 4.000000E+00             Line_f1_12_14           0.000    0.000       1600.000        750.000        400.010     ZYX  -1.011938E-03  -1.171103E-03   1.000000E+13
 4.000000E+00             Line_f1_12_15           0.000    0.000       1800.000        750.000        400.010     ZXY   1.011938E-03   1.171103E-03   1.000000E+13
 4.000000E+00             Line_f1_12_15           0.000    0.000       1800.000        750.000        400.010     ZYX  -1.011938E-03  -1.171103E-03   1.000000E+13
 4.000000E+00             Line_f1_12_16           0.000    0.000       2000.000        750.000        400.010     ZXY   1.011938E-03   1.171103E-03   1.000000E+13
 4.000000E+00             Line_f1_12_16           0.000    0.000       2000.000        750.000        400.010     ZYX  -1.011938E-03  -1.171103E-03   1.000000E+13
 4.000000E+00             Line_f1_13_1            0.000    0.000      -1000.000       1000.000        400.010     ZXY   1.011938E-03   1.171103E-03   1.000000E+13
 4.000000E+00             Line_f1_13_1            0.000    0.000      -1000.000       1000.000        400.010     ZYX  -1.011938E-03  -1.171103E-03   1.000000E+13
 4.000000E+00             Line_f1_13_2            0.000    0.000       -800.000       1000.000        400.010     ZXY   1.011938E-03   1.171103E-03   1.000000E+13
 4.000000E+00             Line_f1_13_2            0.000    0.000       -800.000       1000.000        400.010     ZYX  -1.011938E-03  -1.171103E-03   1.000000E+13
 4.000000E+00             Line_f1_13_3            0.000    0.000       -600.000       1000.000        400.010     ZXY   1.011938E-03   1.171103E-03   1.000000E+13
 4.000000E+00             Line_f1_13_3            0.000    0.000       -600.000       1000.000        400.010     ZYX  -1.011938E-03  -1.171103E-03   1.000000E+13
 4.000000E+00             Line_f1_13_4            0.000    0.000       -400.000       1000.000        400.010     ZXY   1.011938E-03   1.171103E-03   1.000000E+13
 4.000000E+00             Line_f1_13_4            0.000    0.000       -400.000       1000.000        400.010     ZYX  -1.011935E-03  -1.171105E-03   1.000000E+13
 4.000000E+00             Line_f1_13_5            0.000    0.000       -200.000       1000.000        400.010     ZXY   1.011938E-03   1.171103E-03   1.000000E+13
 4.000000E+00             Line_f1_13_5            0.000    0.000       -200.000       1000.000        400.010     ZYX  -1.011935E-03  -1.171105E-03   1.000000E+13
 4.000000E+00             Line_f1_13_6            0.000    0.000          0.000       1000.000        400.010     ZXY   1.011938E-03   1.171103E-03   1.000000E+13
 4.000000E+00             Line_f1_13_6            0.000    0.000          0.000       1000.000        400.010     ZYX  -1.011936E-03  -1.171105E-03   1.000000E+13
 4.000000E+00             Line_f1_13_7            0.000    0.000        200.000       1000.000        400.010     ZXY   1.011938E-03   1.171103E-03   1.000000E+13
 4.000000E+00             Line_f1_13_7            0.000    0.000        200.000       1000.000        400.010     ZYX  -1.011936E-03  -1.171104E-03   1.000000E+13
 4.000000E+00             Line_f1_13_8            0.000    0.000        400.000       1000.000        400.010     ZXY   1.011938E-03   1.171103E-03   1.000000E+13
 4.000000E+00             Line_f1_13_8            0.000    0.000        400.000       1000.000        400.010     ZYX  -1.011937E-03  -1.171104E-03   1.000000E+13
 4.000000E+00             Line_f1_13_9            0.000    0.000        600.000       1000.000        400.010     ZXY   1.011938E-03   1.171103E-03   1.000000E+13
 4.000000E+00             Line_f1_13_9            0.000    0.000        600.000       1000.000        400.010     ZYX  -1.011938E-03  -1.171103E-03   1.000000E+13
 4.000000E+00             Line_f1_13_10           0.000    0.000        800.000       1000.000        400.010     ZXY   1.011938E-03   1.171103E-03   1.000000E+13
 4.000000E+00             Line_f1_13_10           0.000    0.000        800.000       1000.000        400.010     ZYX  -1.011938E-03  -1.171103E-03   1.000000E+13
 4.000000E+00             Line_f1_13_11           0.000    0.000       1000.000       1000.000        400.010     ZXY   1.011938E-03   1.171103E-03   1.000000E+13
 4.000000E+00             Line_f1_13_11           0.000    0.000       1000.000       1000.000        400.010     ZYX  -1.011938E-03  -1.171103E-03   1.000000E+13
 4.000000E+00             Line_f1_13_12           0.000    0.000       1200.000       1000.000        400.010     ZXY   1.011938E-03   1.171103E-03   1.000000E+13
 4.000000E+00             Line_f1_13_12           0.000    0.000       1200.000       1000.000        400.010     ZYX  -1.011938E-03  -1.171103E-03   1.000000E+13
 4.000000E+00             Line_f1_13_13           0.000    0.000       1400.000       1000.000        400.010     ZXY   1.011938E-03   1.171103E-03   1.000000E+13
 4.000000E+00             Line_f1_13_13           0.000    0.000       1400.000       1000.000        400.010     ZYX  -1.011938E-03  -1.171103E-03   1.000000E+13
 4.000000E+00             Line_f1_13_14           0.000    0.000       1600.000       1000.000        400.010     ZXY   1.011938E-03   1.171103E-03   1.000000E+13
 4.000000E+00             Line_f1_13_14           0.000    0.000       1600.000       1000.000        400.010     ZYX  -1.011938E-03  -1.171103E-03   1.000000E+13
 4.000000E+00             Line_f1_13_15           0.000    0.000       1800.000       1000.000        400.010     ZXY   1.011938E-03   1.171103E-03   1.000000E+13
 4.000000E+00             Line_f1_13_15           0.000    0.000       1800.000       1000.000        400.010     ZYX  -1.011938E-03  -1.171103E-03   1.000000E+13
 4.000000E+00             Line_f1_13_16           0.000    0.000       2000.000       1000.000        400.010     ZXY   1.011938E-03   1.171103E-03   1.000000E+13
 4.000000E+00             Line_f1_13_16           0.000    0.000       2000.000       1000.000        400.010     ZYX  -1.011938E-03  -1.171103E-03   1.000000E+13
 4.000000E+00             Line_f1_14_1            0.000    0.000      -1000.000       1250.000        400.010     ZXY   1.011938E-03   1.171103E-03   1.000000E+13
 4.000000E+00             Line_f1_14_1            0.000    0.000      -1000.000       1250.000        400.010     ZYX  -1.011938E-03  -1.171103E-03   1.000000E+13
 4.000000E+00             Line_f1_14_2            0.000    0.000       -800.000       1250.000        400.010     ZXY   1.011938E-03   1.171103E-03   1.000000E+13
 4.000000E+00             Line_f1_14_2            0.000    0.000       -800.000       1250.000        400.010     ZYX  -1.011938E-03  -1.171103E-03   1.000000E+13
 4.000000E+00             Line_f1_14_3            0.000    0.000       -600.000       1250.000        400.010     ZXY   1.011938E-03   1.171103E-03   1.000000E+13
 4.000000E+00             Line_f1_14_3            0.000    0.000       -600.000       1250.000        400.010     ZYX  -1.011938E-03  -1.171103E-03   1.000000E+13
 4.000000E+00             Line_f1_14_4            0.000    0.000       -400.000       1250.000        400.010     ZXY   1.011938E-03   1.171103E-03   1.000000E+13
 4.000000E+00             Line_f1_14_4            0.000    0.000       -400.000       1250.000        400.010     ZYX  -1.011935E-03  -1.171105E-03   1.000000E+13
 4.000000E+00             Line_f1_14_5            0.000    0.000       -200.000       1250.000        400.010     ZXY   1.011938E-03   1.171103E-03   1.000000E+13
 4.000000E+00             Line_f1_14_5            0.000    0.000       -200.000       1250.000        400.010     ZYX  -1.011935E-03  -1.171105E-03   1.000000E+13
 4.000000E+00             Line_f1_14_6            0.000    0.000          0.000       1250.000        400.010     ZXY   1.011938E-03   1.171103E-03   1.000000E+13
 4.000000E+00             Line_f1_14_6            0.000    0.000          0.000       1250.000        400.010     ZYX  -1.011936E-03  -1.171105E-03   1.000000E+13
 4.000000E+00             Line_f1_14_7            0.000    0.000        200.000       1250.000        400.010     ZXY   1.011938E-03   1.171103E-03   1.000000E+13
 4.000000E+00             Line_f1_14_7            0.000    0.000        200.000       1250.000        400.010     ZYX  -1.011936E-03  -1.171104E-03   1.000000E+13
 4.000000E+00             Line_f1_14_8            0.000    0.000        400.000       1250.000        400.010     ZXY   1.011938E-03   1.171103E-03   1.000000E+13
 4.000000E+00             Line_f1_14_8            0.000    0.000        400.000       1250.000        400.010     ZYX  -1.011937E-03  -1.171104E-03   1.000000E+13
 4.000000E+00             Line_f1_14_9            0.000    0.000        600.000       1250.000        400.010     ZXY   1.011938E-03   1.171103E-03   1.000000E+13
 4.000000E+00             Line_f1_14_9            0.000    0.000        600.000       1250.000        400.010     ZYX  -1.011938E-03  -1.171103E-03   1.000000E+13
 4.000000E+00             Line_f1_14_10           0.000    0.000        800.000       1250.000        400.010     ZXY   1.011938E-03   1.171103E-03   1.000000E+13
 4.000000E+00             Line_f1_14_10           0.000    0.000        800.000       1250.000        400.010     ZYX  -1.011938E-03  -1.171103E-03   1.000000E+13
 4.000000E+00             Line_f1_14_11           0.000    0.000       1000.000       1250.000        400.010     ZXY   1.011938E-03   1.171103E-03   1.000000E+13
 4.000000E+00             Line_f1_14_11           0.000    0.000       1000.000       1250.000        400.010     ZYX  -1.011938E-03  -1.171103E-03   1.000000E+13
 4.000000E+00             Line_f1_14_12           0.000    0.000       1200.000       1250.000        400.010     ZXY   1.011938E-03   1.171103E-03   1.000000E+13
 4.000000E+00             Line_f1_14_12           0.000    0.000       1200.000       1250.000        400.010     ZYX  -1.011938E-03  -1.171103E-03   1.000000E+13
 4.000000E+00             Line_f1_14_13           0.000    0.000       1400.000       1250.000        400.010     ZXY   1.011938E-03   1.171103E-03   1.000000E+13
 4.000000E+00             Line_f1_14_13           0.000    0.000       1400.000       1250.000        400.010     ZYX  -1.011938E-03  -1.171103E-03   1.000000E+13
 4.000000E+00             Line_f1_14_14           0.000    0.000       1600.000       1250.000        400.010     ZXY   1.011938E-03   1.171103E-03   1.000000E+13
 4.000000E+00             Line_f1_14_14           0.000    0.000       1600.000       1250.000        400.010     ZYX  -1.011938E-03  -1.171103E-03   1.000000E+13
 4.000000E+00             Line_f1_14_15           0.000    0.000       1800.000       1250.000        400.010     ZXY   1.011938E-03   1.171103E-03   1.000000E+13
 4.000000E+00             Line_f1_14_15           0.000    0.000       1800.000       1250.000        400.010     ZYX  -1.011938E-03  -1.171103E-03   1.000000E+13
 4.000000E+00             Line_f1_14_16           0.000    0.000       2000.000       1250.000        400.010     ZXY   1.011938E-03   1.171103E-03   1.000000E+13
 4.000000E+00             Line_f1_14_16           0.000    0.000       2000.000       1250.000        400.010     ZYX  -1.011938E-03  -1.171103E-03   1.000000E+13
 4.000000E+00             Line_f1_15_1            0.000    0.000      -1000.000       1500.000        400.010     ZXY   1.011938E-03   1.171103E-03   1.000000E+13
 4.000000E+00             Line_f1_15_1            0.000    0.000      -1000.000       1500.000        400.010     ZYX  -1.011938E-03  -1.171103E-03   1.000000E+13
 4.000000E+00             Line_f1_15_2            0.000    0.000       -800.000       1500.000        400.010     ZXY   1.011938E-03   1.171103E-03   1.000000E+13
 4.000000E+00             Line_f1_15_2            0.000    0.000       -800.000       1500.000        400.010     ZYX  -1.011938E-03  -1.171103E-03   1.000000E+13
 4.000000E+00             Line_f1_15_3            0.000    0.000       -600.000       1500.000        400.010     ZXY   1.011938E-03   1.171103E-03   1.000000E+13
 4.000000E+00             Line_f1_15_3            0.000    0.000       -600.000       1500.000        400.010     ZYX  -1.011938E-03  -1.171103E-03   1.000000E+13
 4.000000E+00             Line_f1_15_4            0.000    0.000       -400.000       1500.000        400.010     ZXY   1.011938E-03   1.171103E-03   1.000000E+13
 4.000000E+00             Line_f1_15_4            0.000    0.000       -400.000       1500.000        400.010     ZYX  -1.011935E-03  -1.171105E-03   1.000000E+13
 4.000000E+00             Line_f1_15_5            0.000    0.000       -200.000       1500.000        400.010     ZXY   1.011938E-03   1.171103E-03   1.000000E+13
 4.000000E+00             Line_f1_15_5            0.000    0.000       -200.000       1500.000        400.010     ZYX  -1.011935E-03  -1.171105E-03   1.000000E+13
 4.000000E+00             Line_f1_15_6            0.000    0.000          0.000       1500.000        400.010     ZXY   1.011938E-03   1.171103E-03   1.000000E+13
 4.000000E+00             Line_f1_15_6            0.000    0.000          0.000       1500.000        400.010     ZYX  -1.011936E-03  -1.171105E-03   1.000000E+13
 4.000000E+00             Line_f1_15_7            0.000    0.000        200.000       1500.000        400.010     ZXY   1.011938E-03   1.171103E-03   1.000000E+13
 4.000000E+00             Line_f1_15_7            0.000    0.000        200.000       1500.000        400.010     ZYX  -1.011936E-03  -1.171104E-03   1.000000E+13
 4.000000E+00             Line_f1_15_8            0.000    0.000        400.000       1500.000        400.010     ZXY   1.011938E-03   1.171103E-03   1.000000E+13
 4.000000E+00             Line_f1_15_8            0.000    0.000        400.000       1500.000        400.010     ZYX  -1.011937E-03  -1.171104E-03   1.000000E+13
 4.000000E+00             Line_f1_15_9            0.000    0.000        600.000       1500.000        400.010     ZXY   1.011938E-03   1.171103E-03   1.000000E+13
 4.000000E+00             Line_f1_15_9            0.000    0.000        600.000       1500.000        400.010     ZYX  -1.011938E-03  -1.171103E-03   1.000000E+13
 4.000000E+00             Line_f1_15_10           0.000    0.000        800.000       1500.000        400.010     ZXY   1.011938E-03   1.171103E-03   1.000000E+13
 4.000000E+00             Line_f1_15_10           0.000    0.000        800.000       1500.000        400.010     ZYX  -1.011938E-03  -1.171103E-03   1.000000E+13
 4.000000E+00             Line_f1_15_11           0.000    0.000       1000.000       1500.000        400.010     ZXY   1.011938E-03   1.171103E-03   1.000000E+13
 4.000000E+00             Line_f1_15_11           0.000    0.000       1000.000       1500.000        400.010     ZYX  -1.011938E-03  -1.171103E-03   1.000000E+13
 4.000000E+00             Line_f1_15_12           0.000    0.000       1200.000       1500.000        400.010     ZXY   1.011938E-03   1.171103E-03   1.000000E+13
 4.000000E+00             Line_f1_15_12           0.000    0.000       1200.000       1500.000        400.010     ZYX  -1.011938E-03  -1.171103E-03   1.000000E+13
 4.000000E+00             Line_f1_15_13           0.000    0.000       1400.000       1500.000        400.010     ZXY   1.011938E-03   1.171103E-03   1.000000E+13
 4.000000E+00             Line_f1_15_13           0.000    0.000       1400.000       1500.000        400.010     ZYX  -1.011938E-03  -1.171103E-03   1.000000E+13
 4.000000E+00             Line_f1_15_14           0.000    0.000       1600.000       1500.000        400.010     ZXY   1.011938E-03   1.171103E-03   1.000000E+13
 4.000000E+00             Line_f1_15_14           0.000    0.000       1600.000       1500.000        400.010     ZYX  -1.011938E-03  -1.171103E-03   1.000000E+13
 4.000000E+00             Line_f1_15_15           0.000    0.000       1800.000       1500.000        400.010     ZXY   1.011938E-03   1.171103E-03   1.000000E+13
 4.000000E+00             Line_f1_15_15           0.000    0.000       1800.000       1500.000        400.010     ZYX  -1.011938E-03  -1.171103E-03   1.000000E+13
 4.000000E+00             Line_f1_15_16           0.000    0.000       2000.000       1500.000        400.010     ZXY   1.011938E-03   1.171103E-03   1.000000E+13
 4.000000E+00             Line_f1_15_16           0.000    0.000       2000.000       1500.000        400.010     ZYX  -1.011938E-03  -1.171103E-03   1.000000E+13
 4.000000E+00             Line_f1_16_1            0.000    0.000      -1000.000       1750.000        400.010     ZXY   1.011938E-03   1.171103E-03   1.000000E+13
 4.000000E+00             Line_f1_16_1            0.000    0.000      -1000.000       1750.000        400.010     ZYX  -1.011938E-03  -1.171103E-03   1.000000E+13
 4.000000E+00             Line_f1_16_2            0.000    0.000       -800.000       1750.000        400.010     ZXY   1.011938E-03   1.171103E-03   1.000000E+13
 4.000000E+00             Line_f1_16_2            0.000    0.000       -800.000       1750.000        400.010     ZYX  -1.011938E-03  -1.171103E-03   1.000000E+13
 4.000000E+00             Line_f1_16_3            0.000    0.000       -600.000       1750.000        400.010     ZXY   1.011938E-03   1.171103E-03   1.000000E+13
 4.000000E+00             Line_f1_16_3            0.000    0.000       -600.000       1750.000        400.010     ZYX  -1.011938E-03  -1.171103E-03   1.000000E+13
 4.000000E+00             Line_f1_16_4            0.000    0.000       -400.000       1750.000        400.010     ZXY   1.011938E-03   1.171103E-03   1.000000E+13
 4.000000E+00             Line_f1_16_4            0.000    0.000       -400.000       1750.000        400.010     ZYX  -1.011935E-03  -1.171105E-03   1.000000E+13
 4.000000E+00             Line_f1_16_5            0.000    0.000       -200.000       1750.000        400.010     ZXY   1.011938E-03   1.171103E-03   1.000000E+13
 4.000000E+00             Line_f1_16_5            0.000    0.000       -200.000       1750.000        400.010     ZYX  -1.011935E-03  -1.171105E-03   1.000000E+13
 4.000000E+00             Line_f1_16_6            0.000    0.000          0.000       1750.000        400.010     ZXY   1.011938E-03   1.171103E-03   1.000000E+13
 4.000000E+00             Line_f1_16_6            0.000    0.000          0.000       1750.000        400.010     ZYX  -1.011936E-03  -1.171105E-03   1.000000E+13
 4.000000E+00             Line_f1_16_7            0.000    0.000        200.000       1750.000        400.010     ZXY   1.011938E-03   1.171103E-03   1.000000E+13
 4.000000E+00             Line_f1_16_7            0.000    0.000        200.000       1750.000        400.010     ZYX  -1.011936E-03  -1.171104E-03   1.000000E+13
 4.000000E+00             Line_f1_16_8            0.000    0.000        400.000       1750.000        400.010     ZXY   1.011938E-03   1.171103E-03   1.000000E+13
 4.000000E+00             Line_f1_16_8            0.000    0.000        400.000       1750.000        400.010     ZYX  -1.011937E-03  -1.171104E-03   1.000000E+13
 4.000000E+00             Line_f1_16_9            0.000    0.000        600.000       1750.000        400.010     ZXY   1.011938E-03   1.171103E-03   1.000000E+13
 4.000000E+00             Line_f1_16_9            0.000    0.000        600.000       1750.000        400.010     ZYX  -1.011938E-03  -1.171103E-03   1.000000E+13
 4.000000E+00             Line_f1_16_10           0.000    0.000        800.000       1750.000        400.010     ZXY   1.011938E-03   1.171103E-03   1.000000E+13
 4.000000E+00             Line_f1_16_10           0.000    0.000        800.000       1750.000        400.010     ZYX  -1.011938E-03  -1.171103E-03   1.000000E+13
 4.000000E+00             Line_f1_16_11           0.000    0.000       1000.000       1750.000        400.010     ZXY   1.011938E-03   1.171103E-03   1.000000E+13
 4.000000E+00             Line_f1_16_11           0.000    0.000       1000.000       1750.000        400.010     ZYX  -1.011938E-03  -1.171103E-03   1.000000E+13
 4.000000E+00             Line_f1_16_12           0.000    0.000       1200.000       1750.000        400.010     ZXY   1.011938E-03   1.171103E-03   1.000000E+13
 4.000000E+00             Line_f1_16_12           0.000    0.000       1200.000       1750.000        400.010     ZYX  -1.011938E-03  -1.171103E-03   1.000000E+13
 4.000000E+00             Line_f1_16_13           0.000    0.000       1400.000       1750.000        400.010     ZXY   1.011938E-03   1.171103E-03   1.000000E+13
 4.000000E+00             Line_f1_16_13           0.000    0.000       1400.000       1750.000        400.010     ZYX  -1.011938E-03  -1.171103E-03   1.000000E+13
 4.000000E+00             Line_f1_16_14           0.000    0.000       1600.000       1750.000        400.010     ZXY   1.011938E-03   1.171103E-03   1.000000E+13
 4.000000E+00             Line_f1_16_14           0.000    0.000       1600.000       1750.000        400.010     ZYX  -1.011938E-03  -1.171103E-03   1.000000E+13
 4.000000E+00             Line_f1_16_15           0.000    0.000       1800.000       1750.000        400.010     ZXY   1.011938E-03   1.171103E-03   1.000000E+13
 4.000000E+00             Line_f1_16_15           0.000    0.000       1800.000       1750.000        400.010     ZYX  -1.011938E-03  -1.171103E-03   1.000000E+13
 4.000000E+00             Line_f1_16_16           0.000    0.000       2000.000       1750.000        400.010     ZXY   1.011938E-03   1.171103E-03   1.000000E+13
 4.000000E+00             Line_f1_16_16           0.000    0.000       2000.000       1750.000        400.010     ZYX  -1.011938E-03  -1.171103E-03   1.000000E+13
 4.000000E+00             Line_f1_17_1            0.000    0.000      -1000.000       2000.000        400.010     ZXY   1.011938E-03   1.171103E-03   1.000000E+13
 4.000000E+00             Line_f1_17_1            0.000    0.000      -1000.000       2000.000        400.010     ZYX  -1.011938E-03  -1.171103E-03   1.000000E+13
 4.000000E+00             Line_f1_17_2            0.000    0.000       -800.000       2000.000        400.010     ZXY   1.011938E-03   1.171103E-03   1.000000E+13
 4.000000E+00             Line_f1_17_2            0.000    0.000       -800.000       2000.000        400.010     ZYX  -1.011938E-03  -1.171103E-03   1.000000E+13
 4.000000E+00             Line_f1_17_3            0.000    0.000       -600.000       2000.000        400.010     ZXY   1.011938E-03   1.171103E-03   1.000000E+13
 4.000000E+00             Line_f1_17_3            0.000    0.000       -600.000       2000.000        400.010     ZYX  -1.011938E-03  -1.171103E-03   1.000000E+13
 4.000000E+00             Line_f1_17_4            0.000    0.000       -400.000       2000.000        400.010     ZXY   1.011938E-03   1.171103E-03   1.000000E+13
 4.000000E+00             Line_f1_17_4            0.000    0.000       -400.000       2000.000        400.010     ZYX  -1.011935E-03  -1.171105E-03   1.000000E+13
 4.000000E+00             Line_f1_17_5            0.000    0.000       -200.000       2000.000        400.010     ZXY   1.011938E-03   1.171103E-03   1.000000E+13
 4.000000E+00             Line_f1_17_5            0.000    0.000       -200.000       2000.000        400.010     ZYX  -1.011935E-03  -1.171105E-03   1.000000E+13
 4.000000E+00             Line_f1_17_6            0.000    0.000          0.000       2000.000        400.010     ZXY   1.011938E-03   1.171103E-03   1.000000E+13
 4.000000E+00             Line_f1_17_6            0.000    0.000          0.000       2000.000        400.010     ZYX  -1.011936E-03  -1.171105E-03   1.000000E+13
 4.000000E+00             Line_f1_17_7            0.000    0.000        200.000       2000.000        400.010     ZXY   1.011938E-03   1.171103E-03   1.000000E+13
 4.000000E+00             Line_f1_17_7            0.000    0.000        200.000       2000.000        400.010     ZYX  -1.011936E-03  -1.171104E-03   1.000000E+13
 4.000000E+00             Line_f1_17_8            0.000    0.000        400.000       2000.000        400.010     ZXY   1.011938E-03   1.171103E-03   1.000000E+13
 4.000000E+00             Line_f1_17_8            0.000    0.000        400.000       2000.000        400.010     ZYX  -1.011937E-03  -1.171104E-03   1.000000E+13
 4.000000E+00             Line_f1_17_9            0.000    0.000        600.000       2000.000        400.010     ZXY   1.011938E-03   1.171103E-03   1.000000E+13
 4.000000E+00             Line_f1_17_9            0.000    0.000        600.000       2000.000        400.010     ZYX  -1.011938E-03  -1.171103E-03   1.000000E+13
 4.000000E+00             Line_f1_17_10           0.000    0.000        800.000       2000.000        400.010     ZXY   1.011938E-03   1.171103E-03   1.000000E+13
 4.000000E+00             Line_f1_17_10           0.000    0.000        800.000       2000.000        400.010     ZYX  -1.011938E-03  -1.171103E-03   1.000000E+13
 4.000000E+00             Line_f1_17_11           0.000    0.000       1000.000       2000.000        400.010     ZXY   1.011938E-03   1.171103E-03   1.000000E+13
 4.000000E+00             Line_f1_17_11           0.000    0.000       1000.000       2000.000        400.010     ZYX  -1.011938E-03  -1.171103E-03   1.000000E+13
 4.000000E+00             Line_f1_17_12           0.000    0.000       1200.000       2000.000        400.010     ZXY   1.011938E-03   1.171103E-03   1.000000E+13
 4.000000E+00             Line_f1_17_12           0.000    0.000       1200.000       2000.000        400.010     ZYX  -1.011938E-03  -1.171103E-03   1.000000E+13
 4.000000E+00             Line_f1_17_13           0.000    0.000       1400.000       2000.000        400.010     ZXY   1.011938E-03   1.171103E-03   1.000000E+13
 4.000000E+00             Line_f1_17_13           0.000    0.000       1400.000       2000.000        400.010     ZYX  -1.011938E-03  -1.171103E-03   1.000000E+13
 4.000000E+00             Line_f1_17_14           0.000    0.000       1600.000       2000.000        400.010     ZXY   1.011938E-03   1.171103E-03   1.000000E+13
 4.000000E+00             Line_f1_17_14           0.000    0.000       1600.000       2000.000        400.010     ZYX  -1.011938E-03  -1.171103E-03   1.000000E+13
 4.000000E+00             Line_f1_17_15           0.000    0.000       1800.000       2000.000        400.010     ZXY   1.011938E-03   1.171103E-03   1.000000E+13
 4.000000E+00             Line_f1_17_15           0.000    0.000       1800.000       2000.000        400.010     ZYX  -1.011938E-03  -1.171103E-03   1.000000E+13
 4.000000E+00             Line_f1_17_16           0.000    0.000       2000.000       2000.000        400.010     ZXY   1.011938E-03   1.171103E-03   1.000000E+13
 4.000000E+00             Line_f1_17_16           0.000    0.000       2000.000       2000.000        400.010     ZYX  -1.011938E-03  -1.171103E-03   1.000000E+13
